<?xml version="1.0" encoding="UTF-8"?>
<!-- Generated by org.testng.reporters.JUnitXMLReporter -->
<testsuite ignored="1" hostname="akilan-18633-GF" failures="0" tests="2" name="Test" time="37.318" errors="0" timestamp="2024-03-16T13:40:04 IST">
  <testcase classname="seleniumTestAutomation.OrangeHRM" name="doLoginWithInvalidCredential" time="12.938"/>
  <testcase classname="seleniumTestAutomation.OrangeHRM" name="loginTestWithValidCredential" time="1.403"/>
  <testcase classname="seleniumTestAutomation.OrangeHRM" name="addEmployee" time="0.0">
    <ignored/>
  </testcase> <!-- addEmployee -->
</testsuite> <!-- Test -->
