<?xml version="1.0" encoding="UTF-8"?>
<testng-results ignored="0" total="1" passed="1" failed="0" skipped="0">
  <reporter-output>
  </reporter-output>
  <suite started-at="2024-04-21T20:21:16 IST" name="Default suite" finished-at="2024-04-21T20:21:16 IST" duration-ms="64">
    <groups>
    </groups>
    <test started-at="2024-04-21T20:21:16 IST" name="Default test" finished-at="2024-04-21T20:21:16 IST" duration-ms="64">
      <class name="TestAutomation.FileSeparatorSystem">
        <test-method signature="testString(org.testng.ITestContext)[pri:0, instance:TestAutomation.FileSeparatorSystem@304bb45b]" started-at="2024-04-21T20:21:16 IST" name="testString" finished-at="2024-04-21T20:21:16 IST" duration-ms="10" status="PASS">
          <params>
            <param index="0">
              <value>
                <![CDATA[org.testng.TestRunner@74f6c5d8]]>
              </value>
            </param>
          </params>
          <reporter-output>
          </reporter-output>
        </test-method> <!-- testString -->
      </class> <!-- TestAutomation.FileSeparatorSystem -->
    </test> <!-- Default test -->
  </suite> <!-- Default suite -->
</testng-results>
